2025-05-19 16:21:48,158 - INFO - Starting Lemmy setup process...
2025-05-19 16:21:48,159 - ERROR - ADMIN_USERNAME and ADMIN_PASSWORD must be set in constants.py before running the script.
2025-05-19 16:23:10,263 - INFO - Starting Lemmy setup process...
2025-05-19 16:23:10,264 - INFO - Attempting to login as admin
2025-05-19 16:23:10,270 - ERROR - Login failed: HTTPConnectionPool(host='localhost', port=10633): Max retries exceeded with url: /api/v3/user/login (Caused by NewConnectionError('<urllib3.connection.HTTPConnection object at 0x7f2d45036f90>: Failed to establish a new connection: [Errno 111] Connection refused'))
2025-05-19 16:23:10,270 - ERROR - Failed to login as admin. Setup cannot proceed.
2025-05-19 16:33:07,188 - INFO - Starting Lemmy setup process...
2025-05-19 16:33:07,190 - INFO - Attempting to login as admin
2025-05-19 16:33:07,222 - ERROR - Login failed: HTTPConnectionPool(host='localhost', port=10633): Max retries exceeded with url: /api/v3/user/login (Caused by NewConnectionError('<urllib3.connection.HTTPConnection object at 0x7f1a8e642ea0>: Failed to establish a new connection: [Errno 111] Connection refused'))
2025-05-19 16:33:07,222 - ERROR - Failed to login as admin. Setup cannot proceed.
2025-06-08 19:26:23,778 - INFO - Starting Lemmy setup process...
2025-06-08 19:26:23,779 - INFO - Attempting to login as admin
2025-06-08 19:26:24,086 - INFO - Successfully logged in as admin
2025-06-08 19:26:24,086 - INFO - Performing initial site verification...
2025-06-08 19:26:24,086 - INFO - Verifying site configuration...
2025-06-08 19:26:24,119 - INFO - Site verification successful. Current site name: WE4US
2025-06-08 19:26:24,119 - INFO - Configuring site with WE4US settings...
2025-06-08 19:26:24,119 - INFO - Configuring site settings...
2025-06-08 19:26:24,120 - INFO - Applying site configuration: {'name': 'WE4US', 'description': 'A platform for students to connect, share, and grow.', 'enable_downvotes': True, 'enable_nsfw': True, 'community_creation_admin_only': True, 'require_email_verification': False, 'application_question': 'Why would you like to join the WE4US community?', 'private_instance': True, 'federation_enabled': False, 'registration_mode': 'RequireApplication'}
2025-06-08 19:26:24,173 - INFO - Site configuration applied successfully: 200
2025-06-08 19:26:26,173 - INFO - Verifying site configuration...
2025-06-08 19:26:26,223 - INFO - Site verification successful. Current site name: WE4US
2025-06-08 19:26:26,224 - INFO - Verified site name is now: WE4US
2025-06-08 19:26:26,224 - INFO - Site configuration successful!
2025-06-08 19:26:26,224 - INFO - Creating communities...
2025-06-08 19:26:26,224 - INFO - Creating community: job_board
2025-06-08 19:26:26,803 - INFO - Successfully created community: job_board
2025-06-08 19:26:27,803 - INFO - Creating community: announcements
2025-06-08 19:26:28,125 - INFO - Successfully created community: announcements
2025-06-08 19:26:29,126 - INFO - Creating community: pg_finder
2025-06-08 19:26:29,378 - INFO - Successfully created community: pg_finder
2025-06-08 19:26:30,379 - INFO - Creating community: meet_up
2025-06-08 19:26:30,700 - INFO - Successfully created community: meet_up
2025-06-08 19:26:31,701 - INFO - Created/verified 4 communities
2025-06-08 19:26:31,702 - INFO - Performing final site verification...
2025-06-08 19:26:31,702 - INFO - Verifying site configuration...
2025-06-08 19:26:31,777 - INFO - Site verification successful. Current site name: WE4US
2025-06-08 19:26:31,778 - INFO - Setup process completed!
2025-06-08 19:27:40,515 - INFO - Starting Lemmy setup process...
2025-06-08 19:27:40,516 - INFO - Attempting to login as admin
2025-06-08 19:27:40,803 - INFO - Successfully logged in as admin
2025-06-08 19:27:40,803 - INFO - Performing initial site verification...
2025-06-08 19:27:40,803 - INFO - Verifying site configuration...
2025-06-08 19:27:40,829 - INFO - Site verification successful. Current site name: WE4US
2025-06-08 19:27:40,829 - INFO - Configuring site with WE4US settings...
2025-06-08 19:27:40,829 - INFO - Configuring site settings...
2025-06-08 19:27:40,829 - INFO - Applying site configuration: {'name': 'WE4US', 'description': 'A platform for students to connect, share, and grow.', 'enable_downvotes': True, 'enable_nsfw': True, 'community_creation_admin_only': True, 'require_email_verification': False, 'application_question': 'Why would you like to join the WE4US community?', 'private_instance': True, 'federation_enabled': False, 'registration_mode': 'RequireApplication'}
2025-06-08 19:27:40,854 - INFO - Site configuration applied successfully: 200
2025-06-08 19:27:42,855 - INFO - Verifying site configuration...
2025-06-08 19:27:42,902 - INFO - Site verification successful. Current site name: WE4US
2025-06-08 19:27:42,902 - INFO - Verified site name is now: WE4US
2025-06-08 19:27:42,903 - INFO - Site configuration successful!
2025-06-08 19:27:42,903 - INFO - Creating communities...
2025-06-08 19:27:42,903 - INFO - Creating community: job_board
2025-06-08 19:27:42,930 - INFO - Community job_board already exists
2025-06-08 19:27:42,930 - INFO - Creating community: announcements
2025-06-08 19:27:42,957 - INFO - Community announcements already exists
2025-06-08 19:27:42,957 - INFO - Creating community: pg_finder
2025-06-08 19:27:42,982 - INFO - Community pg_finder already exists
2025-06-08 19:27:42,983 - INFO - Creating community: meet_up
2025-06-08 19:27:43,003 - INFO - Community meet_up already exists
2025-06-08 19:27:43,003 - INFO - Created/verified 4 communities
2025-06-08 19:27:43,003 - INFO - Performing final site verification...
2025-06-08 19:27:43,003 - INFO - Verifying site configuration...
2025-06-08 19:27:43,020 - INFO - Site verification successful. Current site name: WE4US
2025-06-08 19:27:43,020 - INFO - Setup process completed!
2025-06-08 19:34:53,040 - INFO - Starting Lemmy setup process...
2025-06-08 19:34:53,041 - INFO - Attempting to login as admin
2025-06-08 19:34:53,316 - INFO - Successfully logged in as admin
2025-06-08 19:34:53,317 - INFO - Performing initial site verification...
2025-06-08 19:34:53,317 - INFO - Verifying site configuration...
2025-06-08 19:34:53,364 - INFO - Site verification successful. Current site name: WE4US
2025-06-08 19:34:53,365 - INFO - Configuring site with WE4US settings...
2025-06-08 19:34:53,366 - INFO - Configuring site settings...
2025-06-08 19:34:53,367 - INFO - Applying site configuration: {'name': 'WE4US', 'description': 'A platform for students to connect, share, and grow.', 'enable_downvotes': True, 'enable_nsfw': True, 'community_creation_admin_only': True, 'require_email_verification': False, 'application_question': 'Why would you like to join the WE4US community?', 'private_instance': True, 'federation_enabled': False, 'registration_mode': 'RequireApplication'}
2025-06-08 19:34:53,413 - INFO - Site configuration applied successfully: 200
2025-06-08 19:34:55,414 - INFO - Verifying site configuration...
2025-06-08 19:34:55,440 - INFO - Site verification successful. Current site name: WE4US
2025-06-08 19:34:55,440 - INFO - Verified site name is now: WE4US
2025-06-08 19:34:55,440 - INFO - Site configuration successful!
2025-06-08 19:34:55,440 - INFO - Creating communities...
2025-06-08 19:34:55,440 - INFO - Creating community: job_board
2025-06-08 19:34:55,460 - INFO - Community job_board already exists
2025-06-08 19:34:55,460 - INFO - Creating community: announcements
2025-06-08 19:34:55,488 - INFO - Community announcements already exists
2025-06-08 19:34:55,489 - INFO - Creating community: pg_finder
2025-06-08 19:34:55,511 - INFO - Community pg_finder already exists
2025-06-08 19:34:55,511 - INFO - Creating community: meet_up
2025-06-08 19:34:55,530 - INFO - Community meet_up already exists
2025-06-08 19:34:55,530 - INFO - Created/verified 4 communities
2025-06-08 19:34:55,530 - INFO - Performing final site verification...
2025-06-08 19:34:55,531 - INFO - Verifying site configuration...
2025-06-08 19:34:55,544 - INFO - Site verification successful. Current site name: WE4US
2025-06-08 19:34:55,544 - INFO - Setup process completed!
