2025-06-08 19:22:17,356 - INFO - Starting user management process...
2025-06-08 19:22:17,357 - INFO - Attempting to login as admin
2025-06-08 19:22:17,706 - ERROR - Login failed: 401 Client Error: Unauthorized for url: http://localhost:10633/api/v3/user/login
2025-06-08 19:22:17,707 - ERROR - Response: {"error":"incorrect_login"}
2025-06-08 19:22:17,707 - ERROR - Admin login failed. User registration cannot proceed.
2025-06-08 19:22:17,708 - INFO - Destroying object...
2025-06-08 19:22:17,708 - INFO - Setting registration to Requires Application...
2025-06-08 19:22:17,728 - INFO - Logging admin out...
2025-06-08 19:24:48,547 - INFO - Starting user management process...
2025-06-08 19:24:48,548 - INFO - Attempting to login as admin
2025-06-08 19:24:48,981 - INFO - Successfully logged in as admin
2025-06-08 19:24:48,982 - INFO - Admin login successful
2025-06-08 19:24:48,982 - INFO - Starting bulk registration from sample_users.csv
2025-06-08 19:24:48,982 - INFO - Setting registration open...
2025-06-08 19:24:49,086 - INFO - Processing registration for Samuel Lee from Cohort 2
2025-06-08 19:24:49,086 - INFO - Registering user slee
2025-06-08 19:24:49,178 - INFO - User slee does not exist
2025-06-08 19:24:49,179 - INFO - Sending registration request for slee
2025-06-08 19:24:49,698 - INFO - Successfully registered user slee
2025-06-08 19:24:49,699 - INFO - Waiting for user slee to be fully registered in the system...
2025-06-08 19:24:54,876 - INFO - User slee found via user endpoint
2025-06-08 19:24:54,877 - INFO - New user slee (ID: 3)
2025-06-08 19:24:54,877 - INFO - Creating profile for slee
2025-06-08 19:24:54,944 - INFO - User slee does not have a profile
2025-06-08 19:24:54,944 - INFO - Sending profile creation request for slee
2025-06-08 19:24:55,338 - ERROR - Failed to create profile for slee: ('Connection aborted.', RemoteDisconnected('Remote end closed connection without response'))
2025-06-08 19:24:55,339 - INFO - Successfully registered Samuel Lee with username: slee
2025-06-08 19:24:58,339 - INFO - Processing registration for Karen Wilson from Cohort Staff/Mentor
2025-06-08 19:24:58,340 - INFO - Registering user kwilson
2025-06-08 19:24:58,403 - INFO - User kwilson does not exist
2025-06-08 19:24:58,404 - INFO - Sending registration request for kwilson
2025-06-08 19:24:58,945 - INFO - Successfully registered user kwilson
2025-06-08 19:24:58,946 - INFO - Waiting for user kwilson to be fully registered in the system...
2025-06-08 19:25:04,161 - INFO - User kwilson found via user endpoint
2025-06-08 19:25:04,161 - INFO - New user kwilson (ID: 4)
2025-06-08 19:25:04,161 - INFO - Creating profile for kwilson
2025-06-08 19:25:04,178 - INFO - User kwilson does not have a profile
2025-06-08 19:25:04,179 - INFO - Sending profile creation request for kwilson
2025-06-08 19:25:04,180 - ERROR - Failed to create profile for kwilson: ('Connection aborted.', RemoteDisconnected('Remote end closed connection without response'))
2025-06-08 19:25:04,181 - INFO - Successfully registered Karen Wilson with username: kwilson
2025-06-08 19:25:10,264 - INFO - Processing registration for Aarav Patel from Cohort 5
2025-06-08 19:25:10,265 - INFO - Registering user apatel
2025-06-08 19:25:10,375 - INFO - User apatel does not exist
2025-06-08 19:25:10,375 - INFO - Sending registration request for apatel
2025-06-08 19:25:10,860 - INFO - Successfully registered user apatel
2025-06-08 19:25:10,860 - INFO - Waiting for user apatel to be fully registered in the system...
2025-06-08 19:25:16,059 - INFO - User apatel found via user endpoint
2025-06-08 19:25:16,060 - INFO - New user apatel (ID: 5)
2025-06-08 19:25:16,060 - INFO - Creating profile for apatel
2025-06-08 19:25:16,075 - INFO - User apatel does not have a profile
2025-06-08 19:25:16,075 - INFO - Sending profile creation request for apatel
2025-06-08 19:25:16,083 - ERROR - Failed to create profile for apatel: ('Connection aborted.', RemoteDisconnected('Remote end closed connection without response'))
2025-06-08 19:25:16,084 - INFO - Successfully registered Aarav Patel with username: apatel
2025-06-08 19:25:19,085 - INFO - Processing registration for Emily Chan from Cohort 3
2025-06-08 19:25:19,085 - INFO - Registering user emchan
2025-06-08 19:25:19,129 - INFO - User emchan does not exist
2025-06-08 19:25:19,130 - INFO - Sending registration request for emchan
2025-06-08 19:25:19,862 - INFO - Successfully registered user emchan
2025-06-08 19:25:19,862 - INFO - Waiting for user emchan to be fully registered in the system...
2025-06-08 19:25:24,984 - INFO - User emchan found via user endpoint
2025-06-08 19:25:24,985 - INFO - New user emchan (ID: 6)
2025-06-08 19:25:24,985 - INFO - Creating profile for emchan
2025-06-08 19:25:25,286 - INFO - User emchan does not have a profile
2025-06-08 19:25:25,288 - INFO - Sending profile creation request for emchan
2025-06-08 19:25:25,413 - ERROR - ERROR: {"errors":{"detail":"Internal Server Error"}}
2025-06-08 19:25:25,414 - INFO - Successfully registered Emily Chan with username: emchan
2025-06-08 19:25:28,416 - INFO - Processing registration for Mohammed Khan from Cohort 1
2025-06-08 19:25:28,417 - INFO - Registering user mkhan
2025-06-08 19:25:28,480 - INFO - User mkhan does not exist
2025-06-08 19:25:28,480 - INFO - Sending registration request for mkhan
2025-06-08 19:25:28,989 - INFO - Successfully registered user mkhan
2025-06-08 19:25:28,989 - INFO - Waiting for user mkhan to be fully registered in the system...
2025-06-08 19:25:34,097 - INFO - User mkhan found via user endpoint
2025-06-08 19:25:34,098 - INFO - New user mkhan (ID: 7)
2025-06-08 19:25:34,098 - INFO - Creating profile for mkhan
2025-06-08 19:25:34,114 - INFO - User mkhan does not have a profile
2025-06-08 19:25:34,114 - INFO - Sending profile creation request for mkhan
2025-06-08 19:25:34,116 - ERROR - Failed to create profile for mkhan: ('Connection aborted.', RemoteDisconnected('Remote end closed connection without response'))
2025-06-08 19:25:34,116 - INFO - Successfully registered Mohammed Khan with username: mkhan
2025-06-08 19:25:37,118 - INFO - Processing registration for James Roberts from Cohort Staff/Mentor
2025-06-08 19:25:37,119 - INFO - Registering user jroberts
2025-06-08 19:25:37,193 - INFO - User jroberts does not exist
2025-06-08 19:25:37,194 - INFO - Sending registration request for jroberts
2025-06-08 19:25:37,673 - INFO - Successfully registered user jroberts
2025-06-08 19:25:37,673 - INFO - Waiting for user jroberts to be fully registered in the system...
2025-06-08 19:25:45,591 - INFO - User jroberts found via user endpoint
2025-06-08 19:25:45,592 - INFO - New user jroberts (ID: 8)
2025-06-08 19:25:45,592 - INFO - Creating profile for jroberts
2025-06-08 19:25:45,604 - INFO - User jroberts does not have a profile
2025-06-08 19:25:45,606 - INFO - Sending profile creation request for jroberts
2025-06-08 19:25:45,707 - ERROR - ERROR: {"errors":{"detail":"Internal Server Error"}}
2025-06-08 19:25:45,707 - INFO - Successfully registered James Roberts with username: jroberts
2025-06-08 19:25:48,708 - INFO - Successfully registered 6 users out of 6 entries
2025-06-08 19:25:48,709 - INFO - Registration process completed. Registered 6 users.
2025-06-08 19:25:48,758 - INFO - Destroying object...
2025-06-08 19:25:48,758 - INFO - Setting registration to Requires Application...
2025-06-08 19:25:48,808 - INFO - Logging admin out...
2025-06-08 19:26:55,321 - INFO - Starting user management process...
2025-06-08 19:26:55,322 - INFO - Attempting to login as admin
2025-06-08 19:26:55,604 - INFO - Successfully logged in as admin
2025-06-08 19:26:55,604 - INFO - Admin login successful
2025-06-08 19:26:55,604 - INFO - Starting bulk registration from sample_users.csv
2025-06-08 19:26:55,605 - INFO - Setting registration open...
2025-06-08 19:26:55,630 - INFO - Processing registration for Samuel Lee from Cohort 2
2025-06-08 19:26:55,630 - INFO - Registering user slee
2025-06-08 19:26:55,718 - INFO - User slee found via user endpoint
2025-06-08 19:26:55,719 - INFO - User slee already exists
2025-06-08 19:26:55,719 - INFO - First username slee unavailable, trying alternate username samlee99
2025-06-08 19:26:55,719 - INFO - Registering user samlee99
2025-06-08 19:26:55,826 - INFO - User samlee99 does not exist
2025-06-08 19:26:55,828 - INFO - Sending registration request for samlee99
2025-06-08 19:26:56,052 - ERROR - Email already exists for user samlee99
2025-06-08 19:26:56,052 - WARNING - PLEASE CREATE PROFILE IN PHOENIX IF IT DOES NOT EXIST
2025-06-08 19:26:56,052 - ERROR - Failed to register user Samuel Lee with either username
2025-06-08 19:26:56,053 - INFO - Processing registration for Karen Wilson from Cohort Staff/Mentor
2025-06-08 19:26:56,053 - INFO - Registering user kwilson
2025-06-08 19:26:56,456 - INFO - User kwilson found via user endpoint
2025-06-08 19:26:56,456 - INFO - User kwilson already exists
2025-06-08 19:26:56,456 - INFO - First username kwilson unavailable, trying alternate username mentor_karen
2025-06-08 19:26:56,456 - INFO - Registering user mentor_karen
2025-06-08 19:26:56,520 - INFO - User mentor_karen does not exist
2025-06-08 19:26:56,522 - INFO - Sending registration request for mentor_karen
2025-06-08 19:26:57,072 - ERROR - Email already exists for user mentor_karen
2025-06-08 19:26:57,072 - WARNING - PLEASE CREATE PROFILE IN PHOENIX IF IT DOES NOT EXIST
2025-06-08 19:26:57,072 - ERROR - Failed to register user Karen Wilson with either username
2025-06-08 19:26:57,072 - INFO - Processing registration for Aarav Patel from Cohort 5
2025-06-08 19:26:57,073 - INFO - Registering user apatel
2025-06-08 19:26:57,844 - INFO - User apatel found via user endpoint
2025-06-08 19:26:57,844 - INFO - User apatel already exists
2025-06-08 19:26:57,844 - INFO - First username apatel unavailable, trying alternate username patel_aarav
2025-06-08 19:26:57,845 - INFO - Registering user patel_aarav
2025-06-08 19:26:57,884 - INFO - User patel_aarav does not exist
2025-06-08 19:26:57,886 - INFO - Sending registration request for patel_aarav
2025-06-08 19:26:58,203 - ERROR - Email already exists for user patel_aarav
2025-06-08 19:26:58,203 - WARNING - PLEASE CREATE PROFILE IN PHOENIX IF IT DOES NOT EXIST
2025-06-08 19:26:58,203 - ERROR - Failed to register user Aarav Patel with either username
2025-06-08 19:26:58,203 - INFO - Processing registration for Emily Chan from Cohort 3
2025-06-08 19:26:58,204 - INFO - Registering user emchan
2025-06-08 19:26:58,525 - INFO - User emchan found via user endpoint
2025-06-08 19:26:58,526 - INFO - User emchan already exists
2025-06-08 19:26:58,526 - INFO - First username emchan unavailable, trying alternate username echan12
2025-06-08 19:26:58,526 - INFO - Registering user echan12
2025-06-08 19:26:58,586 - INFO - User echan12 does not exist
2025-06-08 19:26:58,587 - INFO - Sending registration request for echan12
2025-06-08 19:26:59,033 - ERROR - Email already exists for user echan12
2025-06-08 19:26:59,033 - WARNING - PLEASE CREATE PROFILE IN PHOENIX IF IT DOES NOT EXIST
2025-06-08 19:26:59,033 - ERROR - Failed to register user Emily Chan with either username
2025-06-08 19:26:59,033 - INFO - Processing registration for Mohammed Khan from Cohort 1
2025-06-08 19:26:59,034 - INFO - Registering user mkhan
2025-06-08 19:26:59,248 - INFO - User mkhan found via user endpoint
2025-06-08 19:26:59,249 - INFO - User mkhan already exists
2025-06-08 19:26:59,249 - INFO - First username mkhan unavailable, trying alternate username mkhan88
2025-06-08 19:26:59,250 - INFO - Registering user mkhan88
2025-06-08 19:26:59,319 - INFO - User mkhan88 does not exist
2025-06-08 19:26:59,320 - INFO - Sending registration request for mkhan88
2025-06-08 19:26:59,612 - ERROR - Email already exists for user mkhan88
2025-06-08 19:26:59,612 - WARNING - PLEASE CREATE PROFILE IN PHOENIX IF IT DOES NOT EXIST
2025-06-08 19:26:59,612 - ERROR - Failed to register user Mohammed Khan with either username
2025-06-08 19:26:59,613 - INFO - Processing registration for James Roberts from Cohort Staff/Mentor
2025-06-08 19:26:59,613 - INFO - Registering user jroberts
2025-06-08 19:26:59,806 - INFO - User jroberts found via user endpoint
2025-06-08 19:26:59,807 - INFO - User jroberts already exists
2025-06-08 19:26:59,807 - INFO - First username jroberts unavailable, trying alternate username staff_james
2025-06-08 19:26:59,808 - INFO - Registering user staff_james
2025-06-08 19:26:59,899 - INFO - User staff_james does not exist
2025-06-08 19:26:59,900 - INFO - Sending registration request for staff_james
2025-06-08 19:27:00,345 - ERROR - Email already exists for user staff_james
2025-06-08 19:27:00,346 - WARNING - PLEASE CREATE PROFILE IN PHOENIX IF IT DOES NOT EXIST
2025-06-08 19:27:00,346 - ERROR - Failed to register user James Roberts with either username
2025-06-08 19:27:00,346 - INFO - Successfully registered 0 users out of 6 entries
2025-06-08 19:27:00,346 - INFO - Registration process completed. Registered 0 users.
2025-06-08 19:27:00,346 - INFO - Destroying object...
2025-06-08 19:27:00,346 - INFO - Setting registration to Requires Application...
2025-06-08 19:27:00,389 - INFO - Logging admin out...
2025-06-08 19:35:09,523 - INFO - Starting user management process...
2025-06-08 19:35:09,525 - INFO - Attempting to login as admin
2025-06-08 19:35:09,852 - INFO - Successfully logged in as admin
2025-06-08 19:35:09,852 - INFO - Admin login successful
2025-06-08 19:35:09,853 - INFO - Starting bulk registration from sample_users.csv
2025-06-08 19:35:09,854 - INFO - Setting registration open...
2025-06-08 19:35:09,918 - INFO - Processing registration for Samuel Lee from Cohort 2
2025-06-08 19:35:09,918 - INFO - Registering user slee
2025-06-08 19:35:10,034 - INFO - User slee found via user endpoint
2025-06-08 19:35:10,035 - INFO - User slee already exists
2025-06-08 19:35:10,035 - INFO - First username slee unavailable, trying alternate username samlee99
2025-06-08 19:35:10,036 - INFO - Registering user samlee99
2025-06-08 19:35:10,078 - INFO - User samlee99 does not exist
2025-06-08 19:35:10,079 - INFO - Sending registration request for samlee99
2025-06-08 19:35:10,239 - ERROR - Email already exists for user samlee99
2025-06-08 19:35:10,239 - WARNING - PLEASE CREATE PROFILE IN PHOENIX IF IT DOES NOT EXIST
2025-06-08 19:35:10,240 - ERROR - Failed to register user Samuel Lee with either username
2025-06-08 19:35:10,240 - INFO - Processing registration for Karen Wilson from Cohort Staff/Mentor
2025-06-08 19:35:10,241 - INFO - Registering user kwilson
2025-06-08 19:35:10,344 - INFO - User kwilson found via user endpoint
2025-06-08 19:35:10,344 - INFO - User kwilson already exists
2025-06-08 19:35:10,344 - INFO - First username kwilson unavailable, trying alternate username mentor_karen
2025-06-08 19:35:10,344 - INFO - Registering user mentor_karen
2025-06-08 19:35:10,395 - INFO - User mentor_karen does not exist
2025-06-08 19:35:10,395 - INFO - Sending registration request for mentor_karen
2025-06-08 19:35:11,085 - ERROR - Email already exists for user mentor_karen
2025-06-08 19:35:11,086 - WARNING - PLEASE CREATE PROFILE IN PHOENIX IF IT DOES NOT EXIST
2025-06-08 19:35:11,086 - ERROR - Failed to register user Karen Wilson with either username
2025-06-08 19:35:11,087 - INFO - Processing registration for Aarav Patel from Cohort 5
2025-06-08 19:35:11,087 - INFO - Registering user apatel
2025-06-08 19:35:11,317 - INFO - User apatel found via user endpoint
2025-06-08 19:35:11,317 - INFO - User apatel already exists
2025-06-08 19:35:11,318 - INFO - First username apatel unavailable, trying alternate username patel_aarav
2025-06-08 19:35:11,318 - INFO - Registering user patel_aarav
2025-06-08 19:35:11,372 - INFO - User patel_aarav does not exist
2025-06-08 19:35:11,372 - INFO - Sending registration request for patel_aarav
2025-06-08 19:35:11,469 - ERROR - Email already exists for user patel_aarav
2025-06-08 19:35:11,469 - WARNING - PLEASE CREATE PROFILE IN PHOENIX IF IT DOES NOT EXIST
2025-06-08 19:35:11,470 - ERROR - Failed to register user Aarav Patel with either username
2025-06-08 19:35:11,470 - INFO - Processing registration for Emily Chan from Cohort 3
2025-06-08 19:35:11,471 - INFO - Registering user emchan
2025-06-08 19:35:11,564 - INFO - User emchan found via user endpoint
2025-06-08 19:35:11,564 - INFO - User emchan already exists
2025-06-08 19:35:11,564 - INFO - First username emchan unavailable, trying alternate username echan12
2025-06-08 19:35:11,565 - INFO - Registering user echan12
2025-06-08 19:35:11,617 - INFO - User echan12 does not exist
2025-06-08 19:35:11,618 - INFO - Sending registration request for echan12
2025-06-08 19:35:11,928 - ERROR - Email already exists for user echan12
2025-06-08 19:35:11,928 - WARNING - PLEASE CREATE PROFILE IN PHOENIX IF IT DOES NOT EXIST
2025-06-08 19:35:11,928 - ERROR - Failed to register user Emily Chan with either username
2025-06-08 19:35:11,929 - INFO - Processing registration for Mohammed Khan from Cohort 1
2025-06-08 19:35:11,929 - INFO - Registering user mkhan
2025-06-08 19:35:12,023 - INFO - User mkhan found via user endpoint
2025-06-08 19:35:12,023 - INFO - User mkhan already exists
2025-06-08 19:35:12,023 - INFO - First username mkhan unavailable, trying alternate username mkhan88
2025-06-08 19:35:12,023 - INFO - Registering user mkhan88
2025-06-08 19:35:12,071 - INFO - User mkhan88 does not exist
2025-06-08 19:35:12,083 - INFO - Sending registration request for mkhan88
2025-06-08 19:35:12,353 - ERROR - Email already exists for user mkhan88
2025-06-08 19:35:12,353 - WARNING - PLEASE CREATE PROFILE IN PHOENIX IF IT DOES NOT EXIST
2025-06-08 19:35:12,353 - ERROR - Failed to register user Mohammed Khan with either username
2025-06-08 19:35:12,354 - INFO - Processing registration for James Roberts from Cohort Staff/Mentor
2025-06-08 19:35:12,354 - INFO - Registering user jroberts
2025-06-08 19:35:12,481 - INFO - User jroberts found via user endpoint
2025-06-08 19:35:12,481 - INFO - User jroberts already exists
2025-06-08 19:35:12,481 - INFO - First username jroberts unavailable, trying alternate username staff_james
2025-06-08 19:35:12,481 - INFO - Registering user staff_james
2025-06-08 19:35:12,527 - INFO - User staff_james does not exist
2025-06-08 19:35:12,528 - INFO - Sending registration request for staff_james
2025-06-08 19:35:12,792 - ERROR - Email already exists for user staff_james
2025-06-08 19:35:12,792 - WARNING - PLEASE CREATE PROFILE IN PHOENIX IF IT DOES NOT EXIST
2025-06-08 19:35:12,792 - ERROR - Failed to register user James Roberts with either username
2025-06-08 19:35:12,792 - INFO - Successfully registered 0 users out of 6 entries
2025-06-08 19:35:12,793 - INFO - Registration process completed. Registered 0 users.
2025-06-08 19:35:12,793 - INFO - Destroying object...
2025-06-08 19:35:12,793 - INFO - Setting registration to Requires Application...
2025-06-08 19:35:12,827 - INFO - Logging admin out...
2025-06-08 20:14:38,755 - INFO - Starting user management process...
2025-06-08 20:14:38,757 - INFO - Attempting to login as admin
2025-06-08 20:14:39,061 - INFO - Successfully logged in as admin
2025-06-08 20:14:39,062 - INFO - Admin login successful
2025-06-08 20:14:39,062 - INFO - Starting bulk registration from sample_users.csv
2025-06-08 20:14:39,062 - INFO - Setting registration open...
2025-06-08 20:14:39,151 - INFO - Processing registration for Samuel Lee from Cohort 2
2025-06-08 20:14:39,151 - INFO - Registering user slee
2025-06-08 20:14:39,385 - INFO - User slee found via user endpoint
2025-06-08 20:14:39,385 - INFO - User slee already exists
2025-06-08 20:14:39,385 - INFO - First username slee unavailable, trying alternate username samlee99
2025-06-08 20:14:39,385 - INFO - Registering user samlee99
2025-06-08 20:14:39,483 - INFO - User samlee99 does not exist
2025-06-08 20:14:39,483 - INFO - Sending registration request for samlee99
2025-06-08 20:14:39,694 - ERROR - Email already exists for user samlee99
2025-06-08 20:14:39,694 - WARNING - PLEASE CREATE PROFILE IN PHOENIX IF IT DOES NOT EXIST
2025-06-08 20:14:39,694 - ERROR - Failed to register user Samuel Lee with either username
2025-06-08 20:14:39,695 - INFO - Processing registration for Karen Wilson from Cohort Staff/Mentor
2025-06-08 20:14:39,695 - INFO - Registering user kwilson
2025-06-08 20:14:39,850 - INFO - User kwilson found via user endpoint
2025-06-08 20:14:39,850 - INFO - User kwilson already exists
2025-06-08 20:14:39,851 - INFO - First username kwilson unavailable, trying alternate username mentor_karen
2025-06-08 20:14:39,851 - INFO - Registering user mentor_karen
2025-06-08 20:14:39,890 - INFO - User mentor_karen does not exist
2025-06-08 20:14:39,890 - INFO - Sending registration request for mentor_karen
2025-06-08 20:14:40,134 - ERROR - Email already exists for user mentor_karen
2025-06-08 20:14:40,134 - WARNING - PLEASE CREATE PROFILE IN PHOENIX IF IT DOES NOT EXIST
2025-06-08 20:14:40,134 - ERROR - Failed to register user Karen Wilson with either username
2025-06-08 20:14:40,135 - INFO - Processing registration for Aarav Patel from Cohort 5
2025-06-08 20:14:40,135 - INFO - Registering user apatel
2025-06-08 20:14:40,193 - INFO - User apatel found via user endpoint
2025-06-08 20:14:40,193 - INFO - User apatel already exists
2025-06-08 20:14:40,193 - INFO - First username apatel unavailable, trying alternate username patel_aarav
2025-06-08 20:14:40,193 - INFO - Registering user patel_aarav
2025-06-08 20:14:40,226 - INFO - User patel_aarav does not exist
2025-06-08 20:14:40,227 - INFO - Sending registration request for patel_aarav
2025-06-08 20:14:40,514 - ERROR - Email already exists for user patel_aarav
2025-06-08 20:14:40,514 - WARNING - PLEASE CREATE PROFILE IN PHOENIX IF IT DOES NOT EXIST
2025-06-08 20:14:40,514 - ERROR - Failed to register user Aarav Patel with either username
2025-06-08 20:14:40,515 - INFO - Processing registration for Emily Chan from Cohort 3
2025-06-08 20:14:40,515 - INFO - Registering user emchan
2025-06-08 20:14:40,626 - INFO - User emchan found via user endpoint
2025-06-08 20:14:40,626 - INFO - User emchan already exists
2025-06-08 20:14:40,626 - INFO - First username emchan unavailable, trying alternate username echan12
2025-06-08 20:14:40,626 - INFO - Registering user echan12
2025-06-08 20:14:40,667 - INFO - User echan12 does not exist
2025-06-08 20:14:40,667 - INFO - Sending registration request for echan12
2025-06-08 20:14:40,793 - ERROR - Email already exists for user echan12
2025-06-08 20:14:40,794 - WARNING - PLEASE CREATE PROFILE IN PHOENIX IF IT DOES NOT EXIST
2025-06-08 20:14:40,794 - ERROR - Failed to register user Emily Chan with either username
2025-06-08 20:14:40,794 - INFO - Processing registration for Mohammed Khan from Cohort 1
2025-06-08 20:14:40,794 - INFO - Registering user mkhan
2025-06-08 20:14:40,948 - INFO - User mkhan found via user endpoint
2025-06-08 20:14:40,948 - INFO - User mkhan already exists
2025-06-08 20:14:40,948 - INFO - First username mkhan unavailable, trying alternate username mkhan88
2025-06-08 20:14:40,948 - INFO - Registering user mkhan88
2025-06-08 20:14:40,980 - INFO - User mkhan88 does not exist
2025-06-08 20:14:40,980 - INFO - Sending registration request for mkhan88
2025-06-08 20:14:41,118 - ERROR - Email already exists for user mkhan88
2025-06-08 20:14:41,119 - WARNING - PLEASE CREATE PROFILE IN PHOENIX IF IT DOES NOT EXIST
2025-06-08 20:14:41,119 - ERROR - Failed to register user Mohammed Khan with either username
2025-06-08 20:14:41,119 - INFO - Processing registration for James Roberts from Cohort Staff/Mentor
2025-06-08 20:14:41,119 - INFO - Registering user jroberts
2025-06-08 20:14:41,200 - INFO - User jroberts found via user endpoint
2025-06-08 20:14:41,201 - INFO - User jroberts already exists
2025-06-08 20:14:41,201 - INFO - First username jroberts unavailable, trying alternate username staff_james
2025-06-08 20:14:41,201 - INFO - Registering user staff_james
2025-06-08 20:14:41,241 - INFO - User staff_james does not exist
2025-06-08 20:14:41,242 - INFO - Sending registration request for staff_james
2025-06-08 20:14:41,556 - ERROR - Email already exists for user staff_james
2025-06-08 20:14:41,556 - WARNING - PLEASE CREATE PROFILE IN PHOENIX IF IT DOES NOT EXIST
2025-06-08 20:14:41,556 - ERROR - Failed to register user James Roberts with either username
2025-06-08 20:14:41,556 - INFO - Successfully registered 0 users out of 6 entries
2025-06-08 20:14:41,557 - INFO - Registration process completed. Registered 0 users.
2025-06-08 20:14:41,557 - INFO - Destroying object...
2025-06-08 20:14:41,558 - INFO - Setting registration to Requires Application...
2025-06-08 20:14:41,590 - INFO - Logging admin out...
